0 verbose cli C:\Program Files\nodejs\node.exe C:\Program Files\nodejs\node_modules\npm\bin\npm-cli.js
1 info using npm@10.9.2
2 info using node@v23.6.1
3 silly config load:file:C:\Program Files\nodejs\node_modules\npm\npmrc
4 silly config load:file:D:\Learning-project\Cab-App\backend\.npmrc
5 silly config load:file:C:\Users\User\.npmrc
6 silly config load:file:D:\Learning-project\Cab-App\backend\%USERPROFILE%\AppData\Roaming\npm\etc\npmrc
7 verbose title npm init
8 verbose argv "init"
9 verbose logfile logs-max:10 dir:D:\Learning-project\Cab-App\backend\%USERPROFILE%\AppData\Local\npm-cache\_logs\2025-07-11T08_53_29_702Z-
10 verbose logfile D:\Learning-project\Cab-App\backend\%USERPROFILE%\AppData\Local\npm-cache\_logs\2025-07-11T08_53_29_702Z-debug-0.log
11 silly logfile done cleaning log files
12 http fetch GET 200 https://registry.npmjs.org/npm 812ms
13 silly package data {
13 silly package data   name: 'backend',
13 silly package data   version: '1.0.0',
13 silly package data   main: 'index.js',
13 silly package data   scripts: { test: 'echo "Error: no test specified" && exit 1' },
13 silly package data   author: '',
13 silly package data   license: 'ISC',
13 silly package data   description: ''
13 silly package data }
14 verbose cwd D:\Learning-project\Cab-App\backend
15 verbose os Windows_NT 10.0.26100
16 verbose node v23.6.1
17 verbose npm  v10.9.2
18 notice
18 notice New [31mmajor[39m version of npm available! [31m10.9.2[39m -> [34m11.4.2[39m
18 notice Changelog: [34mhttps://github.com/npm/cli/releases/tag/v11.4.2[39m
18 notice To update run: [4mnpm install -g npm@11.4.2[24m
18 notice  { force: true, [Symbol(proc-log.meta)]: true }
19 verbose exit 0
20 info ok
