0 verbose cli C:\Program Files\nodejs\node.exe C:\Program Files\nodejs\node_modules\npm\bin\npm-cli.js
1 info using npm@10.9.2
2 info using node@v23.6.1
3 silly config load:file:C:\Program Files\nodejs\node_modules\npm\npmrc
4 silly config load:file:D:\Learning-project\Cab-App\backend\.npmrc
5 silly config load:file:C:\Users\User\.npmrc
6 silly config load:file:D:\Learning-project\Cab-App\backend\%USERPROFILE%\AppData\Roaming\npm\etc\npmrc
7 verbose title npm i
8 verbose argv "i"
9 verbose logfile logs-max:10 dir:D:\Learning-project\Cab-App\backend\%USERPROFILE%\AppData\Local\npm-cache\_logs\2025-07-11T08_58_08_837Z-
10 verbose logfile D:\Learning-project\Cab-App\backend\%USERPROFILE%\AppData\Local\npm-cache\_logs\2025-07-11T08_58_08_837Z-debug-0.log
11 silly logfile done cleaning log files
12 silly packumentCache heap:2197815296 maxSize:549453824 maxEntrySize:274726912
13 silly idealTree buildDeps
14 silly reify moves {}
15 silly audit bulk request {
15 silly audit   '@mongodb-js/saslprep': [ '1.3.0' ],
15 silly audit   '@types/webidl-conversions': [ '7.0.3' ],
15 silly audit   '@types/whatwg-url': [ '11.0.5' ],
15 silly audit   accepts: [ '2.0.0' ],
15 silly audit   bcrypt: [ '6.0.0' ],
15 silly audit   'body-parser': [ '2.2.0' ],
15 silly audit   bson: [ '6.10.4' ],
15 silly audit   'buffer-equal-constant-time': [ '1.0.1' ],
15 silly audit   bytes: [ '3.1.2' ],
15 silly audit   'call-bind-apply-helpers': [ '1.0.2' ],
15 silly audit   'call-bound': [ '1.0.4' ],
15 silly audit   'content-disposition': [ '1.0.0' ],
15 silly audit   'content-type': [ '1.0.5' ],
15 silly audit   cookie: [ '0.7.2' ],
15 silly audit   'cookie-parser': [ '1.4.7' ],
15 silly audit   'cookie-signature': [ '1.0.6', '1.2.2' ],
15 silly audit   cors: [ '2.8.5' ],
15 silly audit   debug: [ '4.4.1' ],
15 silly audit   depd: [ '2.0.0' ],
15 silly audit   dotenv: [ '16.5.0' ],
15 silly audit   'dunder-proto': [ '1.0.1' ],
15 silly audit   'ecdsa-sig-formatter': [ '1.0.11' ],
15 silly audit   'ee-first': [ '1.1.1' ],
15 silly audit   encodeurl: [ '2.0.0' ],
15 silly audit   'es-define-property': [ '1.0.1' ],
15 silly audit   'es-errors': [ '1.3.0' ],
15 silly audit   'es-object-atoms': [ '1.1.1' ],
15 silly audit   'escape-html': [ '1.0.3' ],
15 silly audit   etag: [ '1.8.1' ],
15 silly audit   express: [ '5.1.0' ],
15 silly audit   'express-validator': [ '7.2.1' ],
15 silly audit   finalhandler: [ '2.1.0' ],
15 silly audit   forwarded: [ '0.2.0' ],
15 silly audit   fresh: [ '2.0.0' ],
15 silly audit   'function-bind': [ '1.1.2' ],
15 silly audit   'get-intrinsic': [ '1.3.0' ],
15 silly audit   'get-proto': [ '1.0.1' ],
15 silly audit   gopd: [ '1.2.0' ],
15 silly audit   'has-symbols': [ '1.1.0' ],
15 silly audit   hasown: [ '2.0.2' ],
15 silly audit   'http-errors': [ '2.0.0' ],
15 silly audit   statuses: [ '2.0.1', '2.0.2' ],
15 silly audit   'iconv-lite': [ '0.6.3' ],
15 silly audit   inherits: [ '2.0.4' ],
15 silly audit   'ipaddr.js': [ '1.9.1' ],
15 silly audit   'is-promise': [ '4.0.0' ],
15 silly audit   jsonwebtoken: [ '9.0.2' ],
15 silly audit   jwa: [ '1.4.2' ],
15 silly audit   jws: [ '3.2.2' ],
15 silly audit   kareem: [ '2.6.3' ],
15 silly audit   lodash: [ '4.17.21' ],
15 silly audit   'lodash.includes': [ '4.3.0' ],
15 silly audit   'lodash.isboolean': [ '3.0.3' ],
15 silly audit   'lodash.isinteger': [ '4.0.4' ],
15 silly audit   'lodash.isnumber': [ '3.0.3' ],
15 silly audit   'lodash.isplainobject': [ '4.0.6' ],
15 silly audit   'lodash.isstring': [ '4.0.1' ],
15 silly audit   'lodash.once': [ '4.1.1' ],
15 silly audit   'math-intrinsics': [ '1.1.0' ],
15 silly audit   'media-typer': [ '1.1.0' ],
15 silly audit   'memory-pager': [ '1.5.0' ],
15 silly audit   'merge-descriptors': [ '2.0.0' ],
15 silly audit   'mime-db': [ '1.54.0' ],
15 silly audit   'mime-types': [ '3.0.1' ],
15 silly audit   mongodb: [ '6.17.0' ],
15 silly audit   'mongodb-connection-string-url': [ '3.0.2' ],
15 silly audit   mongoos: [ '0.0.1-security' ],
15 silly audit   mongoose: [ '8.16.0' ],
15 silly audit   mpath: [ '0.9.0' ],
15 silly audit   mquery: [ '5.0.0' ],
15 silly audit   ms: [ '2.1.3' ],
15 silly audit   negotiator: [ '1.0.0' ],
15 silly audit   'node-addon-api': [ '8.4.0' ],
15 silly audit   'node-gyp-build': [ '4.8.4' ],
15 silly audit   'object-assign': [ '4.1.1' ],
15 silly audit   'object-inspect': [ '1.13.4' ],
15 silly audit   'on-finished': [ '2.4.1' ],
15 silly audit   once: [ '1.4.0' ],
15 silly audit   parseurl: [ '1.3.3' ],
15 silly audit   'path-to-regexp': [ '8.2.0' ],
15 silly audit   'proxy-addr': [ '2.0.7' ],
15 silly audit   punycode: [ '2.3.1' ],
15 silly audit   qs: [ '6.14.0' ],
15 silly audit   'range-parser': [ '1.2.1' ],
15 silly audit   'raw-body': [ '3.0.0' ],
15 silly audit   router: [ '2.2.0' ],
15 silly audit   'safe-buffer': [ '5.2.1' ],
15 silly audit   'safer-buffer': [ '2.1.2' ],
15 silly audit   semver: [ '7.7.2' ],
15 silly audit   send: [ '1.2.0' ],
15 silly audit   'serve-static': [ '2.2.0' ],
15 silly audit   setprototypeof: [ '1.2.0' ],
15 silly audit   'side-channel': [ '1.1.0' ],
15 silly audit   'side-channel-list': [ '1.0.0' ],
15 silly audit   'side-channel-map': [ '1.0.1' ],
15 silly audit   'side-channel-weakmap': [ '1.0.2' ],
15 silly audit   sift: [ '17.1.3' ],
15 silly audit   'sparse-bitfield': [ '3.0.3' ],
15 silly audit   toidentifier: [ '1.0.1' ],
15 silly audit   tr46: [ '5.1.1' ],
15 silly audit   'type-is': [ '2.0.1' ],
15 silly audit   unpipe: [ '1.0.0' ],
15 silly audit   validator: [ '13.12.0' ],
15 silly audit   vary: [ '1.1.2' ],
15 silly audit   'webidl-conversions': [ '7.0.0' ],
15 silly audit   'whatwg-url': [ '14.2.0' ],
15 silly audit   wrappy: [ '1.0.2' ]
15 silly audit }
16 http cache whatwg-url@https://registry.npmjs.org/whatwg-url/-/whatwg-url-14.2.0.tgz 0ms (cache hit)
17 http cache webidl-conversions@https://registry.npmjs.org/webidl-conversions/-/webidl-conversions-7.0.0.tgz 0ms (cache hit)
18 http cache validator@https://registry.npmjs.org/validator/-/validator-13.12.0.tgz 0ms (cache hit)
19 http cache sift@https://registry.npmjs.org/sift/-/sift-17.1.3.tgz 0ms (cache hit)
20 http cache tr46@https://registry.npmjs.org/tr46/-/tr46-5.1.1.tgz 0ms (cache hit)
21 http cache sparse-bitfield@https://registry.npmjs.org/sparse-bitfield/-/sparse-bitfield-3.0.3.tgz 0ms (cache hit)
22 http cache semver@https://registry.npmjs.org/semver/-/semver-7.7.2.tgz 0ms (cache hit)
23 http cache node-addon-api@https://registry.npmjs.org/node-addon-api/-/node-addon-api-8.4.0.tgz 0ms (cache hit)
24 http cache punycode@https://registry.npmjs.org/punycode/-/punycode-2.3.1.tgz 0ms (cache hit)
25 http cache mpath@https://registry.npmjs.org/mpath/-/mpath-0.9.0.tgz 0ms (cache hit)
26 http cache node-gyp-build@https://registry.npmjs.org/node-gyp-build/-/node-gyp-build-4.8.4.tgz 0ms (cache hit)
27 http cache mongoose@https://registry.npmjs.org/mongoose/-/mongoose-8.16.0.tgz 0ms (cache hit)
28 http cache mquery@https://registry.npmjs.org/mquery/-/mquery-5.0.0.tgz 0ms (cache hit)
29 http cache object-assign@https://registry.npmjs.org/object-assign/-/object-assign-4.1.1.tgz 0ms (cache hit)
30 http cache mongodb-connection-string-url@https://registry.npmjs.org/mongodb-connection-string-url/-/mongodb-connection-string-url-3.0.2.tgz 0ms (cache hit)
31 http cache mongoos@https://registry.npmjs.org/mongoos/-/mongoos-0.0.1-security.tgz 0ms (cache hit)
32 http cache memory-pager@https://registry.npmjs.org/memory-pager/-/memory-pager-1.5.0.tgz 0ms (cache hit)
33 http cache mongodb@https://registry.npmjs.org/mongodb/-/mongodb-6.17.0.tgz 0ms (cache hit)
34 http cache lodash.once@https://registry.npmjs.org/lodash.once/-/lodash.once-4.1.1.tgz 0ms (cache hit)
35 http cache lodash.isplainobject@https://registry.npmjs.org/lodash.isplainobject/-/lodash.isplainobject-4.0.6.tgz 0ms (cache hit)
36 http cache lodash.isinteger@https://registry.npmjs.org/lodash.isinteger/-/lodash.isinteger-4.0.4.tgz 0ms (cache hit)
37 http cache lodash.isstring@https://registry.npmjs.org/lodash.isstring/-/lodash.isstring-4.0.1.tgz 0ms (cache hit)
38 http cache lodash.isnumber@https://registry.npmjs.org/lodash.isnumber/-/lodash.isnumber-3.0.3.tgz 0ms (cache hit)
39 http cache lodash.isboolean@https://registry.npmjs.org/lodash.isboolean/-/lodash.isboolean-3.0.3.tgz 0ms (cache hit)
40 http cache lodash@https://registry.npmjs.org/lodash/-/lodash-4.17.21.tgz 0ms (cache hit)
41 http cache kareem@https://registry.npmjs.org/kareem/-/kareem-2.6.3.tgz 0ms (cache hit)
42 http cache lodash.includes@https://registry.npmjs.org/lodash.includes/-/lodash.includes-4.3.0.tgz 0ms (cache hit)
43 http cache jwa@https://registry.npmjs.org/jwa/-/jwa-1.4.2.tgz 0ms (cache hit)
44 http cache jws@https://registry.npmjs.org/jws/-/jws-3.2.2.tgz 0ms (cache hit)
45 http cache express-validator@https://registry.npmjs.org/express-validator/-/express-validator-7.2.1.tgz 0ms (cache hit)
46 http cache jsonwebtoken@https://registry.npmjs.org/jsonwebtoken/-/jsonwebtoken-9.0.2.tgz 0ms (cache hit)
47 http cache dotenv@https://registry.npmjs.org/dotenv/-/dotenv-16.5.0.tgz 0ms (cache hit)
48 http cache ecdsa-sig-formatter@https://registry.npmjs.org/ecdsa-sig-formatter/-/ecdsa-sig-formatter-1.0.11.tgz 0ms (cache hit)
49 http cache buffer-equal-constant-time@https://registry.npmjs.org/buffer-equal-constant-time/-/buffer-equal-constant-time-1.0.1.tgz 0ms (cache hit)
50 http cache bson@https://registry.npmjs.org/bson/-/bson-6.10.4.tgz 0ms (cache hit)
51 http cache bcrypt@https://registry.npmjs.org/bcrypt/-/bcrypt-6.0.0.tgz 0ms (cache hit)
52 http cache cors@https://registry.npmjs.org/cors/-/cors-2.8.5.tgz 0ms (cache hit)
53 http cache cookie-parser@https://registry.npmjs.org/cookie-parser/-/cookie-parser-1.4.7.tgz 0ms (cache hit)
54 http cache @mongodb-js/saslprep@https://registry.npmjs.org/@mongodb-js/saslprep/-/saslprep-1.3.0.tgz 0ms (cache hit)
55 http cache cookie-signature@https://registry.npmjs.org/cookie-signature/-/cookie-signature-1.0.6.tgz 0ms (cache hit)
56 http cache @types/whatwg-url@https://registry.npmjs.org/@types/whatwg-url/-/whatwg-url-11.0.5.tgz 0ms (cache hit)
57 silly tarball no local data for whatwg-url@https://registry.npmjs.org/whatwg-url/-/whatwg-url-14.2.0.tgz. Extracting by manifest.
58 silly tarball no local data for webidl-conversions@https://registry.npmjs.org/webidl-conversions/-/webidl-conversions-7.0.0.tgz. Extracting by manifest.
59 silly tarball no local data for validator@https://registry.npmjs.org/validator/-/validator-13.12.0.tgz. Extracting by manifest.
60 silly tarball no local data for sift@https://registry.npmjs.org/sift/-/sift-17.1.3.tgz. Extracting by manifest.
61 silly tarball no local data for tr46@https://registry.npmjs.org/tr46/-/tr46-5.1.1.tgz. Extracting by manifest.
62 silly tarball no local data for sparse-bitfield@https://registry.npmjs.org/sparse-bitfield/-/sparse-bitfield-3.0.3.tgz. Extracting by manifest.
63 http cache @types/webidl-conversions@https://registry.npmjs.org/@types/webidl-conversions/-/webidl-conversions-7.0.3.tgz 0ms (cache hit)
64 silly tarball no local data for semver@https://registry.npmjs.org/semver/-/semver-7.7.2.tgz. Extracting by manifest.
65 silly tarball no local data for node-addon-api@https://registry.npmjs.org/node-addon-api/-/node-addon-api-8.4.0.tgz. Extracting by manifest.
66 silly tarball no local data for punycode@https://registry.npmjs.org/punycode/-/punycode-2.3.1.tgz. Extracting by manifest.
67 silly tarball no local data for mpath@https://registry.npmjs.org/mpath/-/mpath-0.9.0.tgz. Extracting by manifest.
68 silly tarball no local data for node-gyp-build@https://registry.npmjs.org/node-gyp-build/-/node-gyp-build-4.8.4.tgz. Extracting by manifest.
69 silly tarball no local data for mongoose@https://registry.npmjs.org/mongoose/-/mongoose-8.16.0.tgz. Extracting by manifest.
70 silly tarball no local data for mquery@https://registry.npmjs.org/mquery/-/mquery-5.0.0.tgz. Extracting by manifest.
71 silly tarball no local data for object-assign@https://registry.npmjs.org/object-assign/-/object-assign-4.1.1.tgz. Extracting by manifest.
72 silly tarball no local data for mongodb-connection-string-url@https://registry.npmjs.org/mongodb-connection-string-url/-/mongodb-connection-string-url-3.0.2.tgz. Extracting by manifest.
73 silly tarball no local data for mongoos@https://registry.npmjs.org/mongoos/-/mongoos-0.0.1-security.tgz. Extracting by manifest.
74 silly tarball no local data for memory-pager@https://registry.npmjs.org/memory-pager/-/memory-pager-1.5.0.tgz. Extracting by manifest.
75 silly tarball no local data for mongodb@https://registry.npmjs.org/mongodb/-/mongodb-6.17.0.tgz. Extracting by manifest.
76 silly tarball no local data for lodash.once@https://registry.npmjs.org/lodash.once/-/lodash.once-4.1.1.tgz. Extracting by manifest.
77 silly tarball no local data for lodash.isplainobject@https://registry.npmjs.org/lodash.isplainobject/-/lodash.isplainobject-4.0.6.tgz. Extracting by manifest.
78 silly tarball no local data for lodash.isinteger@https://registry.npmjs.org/lodash.isinteger/-/lodash.isinteger-4.0.4.tgz. Extracting by manifest.
79 silly tarball no local data for lodash.isstring@https://registry.npmjs.org/lodash.isstring/-/lodash.isstring-4.0.1.tgz. Extracting by manifest.
80 silly tarball no local data for lodash.isnumber@https://registry.npmjs.org/lodash.isnumber/-/lodash.isnumber-3.0.3.tgz. Extracting by manifest.
81 silly tarball no local data for lodash.isboolean@https://registry.npmjs.org/lodash.isboolean/-/lodash.isboolean-3.0.3.tgz. Extracting by manifest.
82 silly tarball no local data for lodash@https://registry.npmjs.org/lodash/-/lodash-4.17.21.tgz. Extracting by manifest.
83 silly tarball no local data for kareem@https://registry.npmjs.org/kareem/-/kareem-2.6.3.tgz. Extracting by manifest.
84 silly tarball no local data for lodash.includes@https://registry.npmjs.org/lodash.includes/-/lodash.includes-4.3.0.tgz. Extracting by manifest.
85 silly tarball no local data for jwa@https://registry.npmjs.org/jwa/-/jwa-1.4.2.tgz. Extracting by manifest.
86 silly tarball no local data for jws@https://registry.npmjs.org/jws/-/jws-3.2.2.tgz. Extracting by manifest.
87 silly tarball no local data for express-validator@https://registry.npmjs.org/express-validator/-/express-validator-7.2.1.tgz. Extracting by manifest.
88 silly tarball no local data for jsonwebtoken@https://registry.npmjs.org/jsonwebtoken/-/jsonwebtoken-9.0.2.tgz. Extracting by manifest.
89 silly tarball no local data for dotenv@https://registry.npmjs.org/dotenv/-/dotenv-16.5.0.tgz. Extracting by manifest.
90 silly tarball no local data for ecdsa-sig-formatter@https://registry.npmjs.org/ecdsa-sig-formatter/-/ecdsa-sig-formatter-1.0.11.tgz. Extracting by manifest.
91 silly tarball no local data for buffer-equal-constant-time@https://registry.npmjs.org/buffer-equal-constant-time/-/buffer-equal-constant-time-1.0.1.tgz. Extracting by manifest.
92 silly tarball no local data for bson@https://registry.npmjs.org/bson/-/bson-6.10.4.tgz. Extracting by manifest.
93 silly tarball no local data for bcrypt@https://registry.npmjs.org/bcrypt/-/bcrypt-6.0.0.tgz. Extracting by manifest.
94 silly tarball no local data for cors@https://registry.npmjs.org/cors/-/cors-2.8.5.tgz. Extracting by manifest.
95 silly tarball no local data for cookie-parser@https://registry.npmjs.org/cookie-parser/-/cookie-parser-1.4.7.tgz. Extracting by manifest.
96 silly tarball no local data for @mongodb-js/saslprep@https://registry.npmjs.org/@mongodb-js/saslprep/-/saslprep-1.3.0.tgz. Extracting by manifest.
97 silly tarball no local data for cookie-signature@https://registry.npmjs.org/cookie-signature/-/cookie-signature-1.0.6.tgz. Extracting by manifest.
98 silly tarball no local data for @types/whatwg-url@https://registry.npmjs.org/@types/whatwg-url/-/whatwg-url-11.0.5.tgz. Extracting by manifest.
99 silly tarball no local data for @types/webidl-conversions@https://registry.npmjs.org/@types/webidl-conversions/-/webidl-conversions-7.0.3.tgz. Extracting by manifest.
100 http fetch GET 200 https://registry.npmjs.org/punycode/-/punycode-2.3.1.tgz 628ms (cache miss)
101 http fetch GET 200 https://registry.npmjs.org/webidl-conversions/-/webidl-conversions-7.0.0.tgz 633ms (cache miss)
102 http fetch GET 200 https://registry.npmjs.org/mpath/-/mpath-0.9.0.tgz 715ms (cache miss)
103 http fetch GET 200 https://registry.npmjs.org/object-assign/-/object-assign-4.1.1.tgz 738ms (cache miss)
104 http fetch GET 200 https://registry.npmjs.org/node-gyp-build/-/node-gyp-build-4.8.4.tgz 743ms (cache miss)
105 http fetch GET 200 https://registry.npmjs.org/mquery/-/mquery-5.0.0.tgz 745ms (cache miss)
106 http fetch GET 200 https://registry.npmjs.org/sparse-bitfield/-/sparse-bitfield-3.0.3.tgz 749ms (cache miss)
107 http fetch GET 200 https://registry.npmjs.org/mongodb-connection-string-url/-/mongodb-connection-string-url-3.0.2.tgz 749ms (cache miss)
108 http fetch GET 200 https://registry.npmjs.org/whatwg-url/-/whatwg-url-14.2.0.tgz 759ms (cache miss)
109 http fetch GET 200 https://registry.npmjs.org/mongoos/-/mongoos-0.0.1-security.tgz 754ms (cache miss)
110 http fetch GET 200 https://registry.npmjs.org/tr46/-/tr46-5.1.1.tgz 765ms (cache miss)
111 http fetch GET 200 https://registry.npmjs.org/sift/-/sift-17.1.3.tgz 781ms (cache miss)
112 http fetch GET 200 https://registry.npmjs.org/lodash.once/-/lodash.once-4.1.1.tgz 792ms (cache miss)
113 http fetch GET 200 https://registry.npmjs.org/memory-pager/-/memory-pager-1.5.0.tgz 797ms (cache miss)
114 http fetch GET 200 https://registry.npmjs.org/node-addon-api/-/node-addon-api-8.4.0.tgz 804ms (cache miss)
115 http fetch GET 200 https://registry.npmjs.org/lodash.isplainobject/-/lodash.isplainobject-4.0.6.tgz 803ms (cache miss)
116 http fetch GET 200 https://registry.npmjs.org/semver/-/semver-7.7.2.tgz 814ms (cache miss)
117 http fetch GET 200 https://registry.npmjs.org/lodash.isinteger/-/lodash.isinteger-4.0.4.tgz 816ms (cache miss)
118 http fetch GET 200 https://registry.npmjs.org/lodash.isstring/-/lodash.isstring-4.0.1.tgz 816ms (cache miss)
119 http fetch GET 200 https://registry.npmjs.org/lodash.isnumber/-/lodash.isnumber-3.0.3.tgz 826ms (cache miss)
120 http fetch GET 200 https://registry.npmjs.org/lodash.isboolean/-/lodash.isboolean-3.0.3.tgz 840ms (cache miss)
121 http fetch POST 200 https://registry.npmjs.org/-/npm/v1/security/advisories/bulk 957ms
122 silly audit report {}
123 http fetch GET 200 https://registry.npmjs.org/lodash.includes/-/lodash.includes-4.3.0.tgz 920ms (cache miss)
124 http fetch GET 200 https://registry.npmjs.org/kareem/-/kareem-2.6.3.tgz 950ms (cache miss)
125 http fetch GET 200 https://registry.npmjs.org/jwa/-/jwa-1.4.2.tgz 982ms (cache miss)
126 http fetch GET 200 https://registry.npmjs.org/buffer-equal-constant-time/-/buffer-equal-constant-time-1.0.1.tgz 987ms (cache miss)
127 http fetch GET 200 https://registry.npmjs.org/ecdsa-sig-formatter/-/ecdsa-sig-formatter-1.0.11.tgz 991ms (cache miss)
128 http fetch GET 200 https://registry.npmjs.org/jws/-/jws-3.2.2.tgz 994ms (cache miss)
129 http fetch GET 200 https://registry.npmjs.org/cors/-/cors-2.8.5.tgz 1008ms (cache miss)
130 http fetch GET 200 https://registry.npmjs.org/dotenv/-/dotenv-16.5.0.tgz 1014ms (cache miss)
131 http fetch GET 200 https://registry.npmjs.org/jsonwebtoken/-/jsonwebtoken-9.0.2.tgz 1016ms (cache miss)
132 http fetch GET 200 https://registry.npmjs.org/cookie-parser/-/cookie-parser-1.4.7.tgz 1076ms (cache miss)
133 http fetch GET 200 https://registry.npmjs.org/cookie-signature/-/cookie-signature-1.0.6.tgz 1078ms (cache miss)
134 http fetch GET 200 https://registry.npmjs.org/express-validator/-/express-validator-7.2.1.tgz 1114ms (cache miss)
135 http fetch GET 200 https://registry.npmjs.org/@types/webidl-conversions/-/webidl-conversions-7.0.3.tgz 1126ms (cache miss)
136 http fetch GET 200 https://registry.npmjs.org/@types/whatwg-url/-/whatwg-url-11.0.5.tgz 1151ms (cache miss)
137 http fetch GET 200 https://registry.npmjs.org/validator/-/validator-13.12.0.tgz 1192ms (cache miss)
138 http fetch GET 200 https://registry.npmjs.org/mongoose/-/mongoose-8.16.0.tgz 1317ms (cache miss)
139 http fetch GET 200 https://registry.npmjs.org/@mongodb-js/saslprep/-/saslprep-1.3.0.tgz 1311ms (cache miss)
140 http fetch GET 200 https://registry.npmjs.org/bson/-/bson-6.10.4.tgz 1352ms (cache miss)
141 http fetch GET 200 https://registry.npmjs.org/bcrypt/-/bcrypt-6.0.0.tgz 1361ms (cache miss)
142 http fetch GET 200 https://registry.npmjs.org/mongodb/-/mongodb-6.17.0.tgz 1583ms (cache miss)
143 http fetch GET 200 https://registry.npmjs.org/lodash/-/lodash-4.17.21.tgz 1942ms (cache miss)
144 info run bcrypt@6.0.0 install node_modules/bcrypt node-gyp-build
145 info run bcrypt@6.0.0 install { code: 0, signal: null }
146 silly ADD node_modules/whatwg-url
147 silly ADD node_modules/webidl-conversions
148 silly ADD node_modules/validator
149 silly ADD node_modules/tr46
150 silly ADD node_modules/sparse-bitfield
151 silly ADD node_modules/sift
152 silly ADD node_modules/semver
153 silly ADD node_modules/punycode
154 silly ADD node_modules/object-assign
155 silly ADD node_modules/node-gyp-build
156 silly ADD node_modules/node-addon-api
157 silly ADD node_modules/mquery
158 silly ADD node_modules/mpath
159 silly ADD node_modules/mongoose
160 silly ADD node_modules/mongoos
161 silly ADD node_modules/mongodb-connection-string-url
162 silly ADD node_modules/mongodb
163 silly ADD node_modules/memory-pager
164 silly ADD node_modules/lodash.once
165 silly ADD node_modules/lodash.isstring
166 silly ADD node_modules/lodash.isplainobject
167 silly ADD node_modules/lodash.isnumber
168 silly ADD node_modules/lodash.isinteger
169 silly ADD node_modules/lodash.isboolean
170 silly ADD node_modules/lodash.includes
171 silly ADD node_modules/lodash
172 silly ADD node_modules/kareem
173 silly ADD node_modules/jws
174 silly ADD node_modules/jwa
175 silly ADD node_modules/jsonwebtoken
176 silly ADD node_modules/express-validator
177 silly ADD node_modules/ecdsa-sig-formatter
178 silly ADD node_modules/dotenv
179 silly ADD node_modules/cors
180 silly ADD node_modules/cookie-parser
181 silly ADD node_modules/cookie-parser/node_modules/cookie-signature
182 silly ADD node_modules/buffer-equal-constant-time
183 silly ADD node_modules/bson
184 silly ADD node_modules/bcrypt
185 silly ADD node_modules/@types/whatwg-url
186 silly ADD node_modules/@types/webidl-conversions
187 silly ADD node_modules/@mongodb-js/saslprep
188 verbose cwd D:\Learning-project\Cab-App\backend
189 verbose os Windows_NT 10.0.26100
190 verbose node v23.6.1
191 verbose npm  v10.9.2
192 verbose exit 0
193 info ok
